<?xml version="1.0" encoding="UTF-8"?>
<!-- Generated by org.testng.reporters.JUnitReportReporter -->
<testsuite hostname="REV5CG1118DTY" failures="0" tests="1" name="packet.LoginTest" time="7.553" errors="0" timestamp="07 Feb 2024 03:43:01 GMT" skipped="0">
  <testcase classname="packet.LoginTest" name="doLogin" time="7.553"/>
</testsuite> <!-- packet.LoginTest -->
