<?xml version="1.0" encoding="UTF-8"?>
<!-- Generated by org.testng.reporters.JUnitReportReporter -->
<testsuite hostname="REV5CG1118DTY" failures="0" tests="1" name="packet.LoginTest" time="3.931" errors="0" timestamp="07 Feb 2024 01:50:21 GMT" skipped="0">
  <testcase classname="packet.LoginTest" name="doLogin" time="3.931"/>
</testsuite> <!-- packet.LoginTest -->
